yarn run v1.22.22
$ vite

  VITE v5.0.0  ready in 823 ms

  ➜  Local:   http://localhost:4028/
  ➜  Network: http://10.64.137.140:4028/
2:14:44 AM [vite] vite.config.mjs changed, restarting server...
2:14:44 AM [vite] server restarted.
2:15:40 AM [vite] vite.config.mjs changed, restarting server...
2:15:40 AM [vite] server restarted.
node:internal/fs/watchers:247
    const error = new UVException({
                  ^

Error: ENOSPC: System limit for number of file watchers reached, watch '/app/vite.config.mjs.timestamp-1749957507501-124d3686fe2d1.mjs'
    at FSWatcher.<computed> (node:internal/fs/watchers:247:19)
    at Object.watch (node:fs:2491:36)
    at createFsWatchInstance (file:///app/node_modules/vite/dist/node/chunks/dep-T98iZFpD.js:44263:17)
    at setFsWatchListener (file:///app/node_modules/vite/dist/node/chunks/dep-T98iZFpD.js:44310:15)
    at NodeFsHandler._watchWithNodeFs (file:///app/node_modules/vite/dist/node/chunks/dep-T98iZFpD.js:44465:14)
    at NodeFsHandler._handleFile (file:///app/node_modules/vite/dist/node/chunks/dep-T98iZFpD.js:44529:23)
    at NodeFsHandler._addToNodeFs (file:///app/node_modules/vite/dist/node/chunks/dep-T98iZFpD.js:44771:21)
Emitted 'error' event on FSWatcher instance at:
    at FSWatcher._handleError (file:///app/node_modules/vite/dist/node/chunks/dep-T98iZFpD.js:45962:10)
    at NodeFsHandler._addToNodeFs (file:///app/node_modules/vite/dist/node/chunks/dep-T98iZFpD.js:44779:18) {
  errno: -28,
  syscall: 'watch',
  code: 'ENOSPC',
  path: '/app/vite.config.mjs.timestamp-1749957507501-124d3686fe2d1.mjs',
  filename: '/app/vite.config.mjs.timestamp-1749957507501-124d3686fe2d1.mjs'
}

Node.js v20.19.2
error Command failed with exit code 1.
info Visit https://yarnpkg.com/en/docs/cli/run for documentation about this command.
